Removed Pin From Net: NetName=SCK_1 Pin=P2-7
Removed Pin From Net: NetName=SDA_1 Pin=P2-8
Removed Pin From Net: NetName=VS_1 Pin=P2-9
Removed Pin From Net: NetName=HS_1 Pin=P2-10
Removed Pin From Net: NetName=PCLK_1 Pin=P2-11
Removed Pin From Net: NetName=XCLK_1 Pin=P2-12
Removed Pin From Net: NetName=D5_1 Pin=P2-15
Removed Pin From Net: NetName=D4_1 Pin=P2-16
Removed Pin From Net: NetName=D3_1 Pin=P2-17
Removed Pin From Net: NetName=D2_1 Pin=P2-18
Removed Pin From Net: NetName=D1_1 Pin=P2-19
Removed Pin From Net: NetName=D0_1 Pin=P2-20
Change Component Designator: OldDesignator=F1 NewDesignator=F?
Added Pin To Net: NetName=D1_1 Pin=P2-7
Added Pin To Net: NetName=D0_1 Pin=P2-8
Added Pin To Net: NetName=D3_1 Pin=P2-9
Added Pin To Net: NetName=D2_1 Pin=P2-10
Added Pin To Net: NetName=D5_1 Pin=P2-11
Added Pin To Net: NetName=D4_1 Pin=P2-12
Added Pin To Net: NetName=PCLK_1 Pin=P2-15
Added Pin To Net: NetName=XCLK_1 Pin=P2-16
Added Pin To Net: NetName=VS_1 Pin=P2-17
Added Pin To Net: NetName=HS_1 Pin=P2-18
Added Pin To Net: NetName=SCK_1 Pin=P2-19
Added Pin To Net: NetName=SDA_1 Pin=P2-20
